Vivado Simulator 2020.2
Time resolution is 1 ps
Warning: NUMERIC_STD."=": metavalue detected, returning FALSE
Time: 0 ps  Iteration: 0  Process: /mips_unicycle_tb/dut/inst_Datapath/inst_Alu4/line__104  File: /home/raesangur/github/UdeS_S4_APP4/problematique/mips32_unicycle_reference.srcs/sources_1/imports/alu.vhd
Warning: NUMERIC_STD."=": metavalue detected, returning FALSE
Time: 0 ps  Iteration: 0  Process: /mips_unicycle_tb/dut/inst_Datapath/inst_Alu3/line__104  File: /home/raesangur/github/UdeS_S4_APP4/problematique/mips32_unicycle_reference.srcs/sources_1/imports/alu.vhd
Warning: NUMERIC_STD."=": metavalue detected, returning FALSE
Time: 0 ps  Iteration: 0  Process: /mips_unicycle_tb/dut/inst_Datapath/inst_Alu2/line__104  File: /home/raesangur/github/UdeS_S4_APP4/problematique/mips32_unicycle_reference.srcs/sources_1/imports/alu.vhd
Warning: NUMERIC_STD."=": metavalue detected, returning FALSE
Time: 0 ps  Iteration: 0  Process: /mips_unicycle_tb/dut/inst_Datapath/inst_Alu/line__104  File: /home/raesangur/github/UdeS_S4_APP4/problematique/mips32_unicycle_reference.srcs/sources_1/imports/alu.vhd
$stop called at time : 760 ns : File "/home/raesangur/github/UdeS_S4_APP4/problematique/mips32_unicycle_reference.srcs/sim_1/imports/verif/monitor_unicycle.vhd" Line 65
Warning: NUMERIC_STD."=": metavalue detected, returning FALSE
Time: 0 ps  Iteration: 0  Process: /mips_unicycle_tb/dut/inst_Datapath/inst_Alu4/line__104  File: /home/raesangur/github/UdeS_S4_APP4/problematique/mips32_unicycle_reference.srcs/sources_1/imports/alu.vhd
Warning: NUMERIC_STD."=": metavalue detected, returning FALSE
Time: 0 ps  Iteration: 0  Process: /mips_unicycle_tb/dut/inst_Datapath/inst_Alu3/line__104  File: /home/raesangur/github/UdeS_S4_APP4/problematique/mips32_unicycle_reference.srcs/sources_1/imports/alu.vhd
Warning: NUMERIC_STD."=": metavalue detected, returning FALSE
Time: 0 ps  Iteration: 0  Process: /mips_unicycle_tb/dut/inst_Datapath/inst_Alu2/line__104  File: /home/raesangur/github/UdeS_S4_APP4/problematique/mips32_unicycle_reference.srcs/sources_1/imports/alu.vhd
Warning: NUMERIC_STD."=": metavalue detected, returning FALSE
Time: 0 ps  Iteration: 0  Process: /mips_unicycle_tb/dut/inst_Datapath/inst_Alu/line__104  File: /home/raesangur/github/UdeS_S4_APP4/problematique/mips32_unicycle_reference.srcs/sources_1/imports/alu.vhd
$stop called at time : 760 ns : File "/home/raesangur/github/UdeS_S4_APP4/problematique/mips32_unicycle_reference.srcs/sim_1/imports/verif/monitor_unicycle.vhd" Line 65
