#-----------------------------------------------------------
# Vivado v2020.2 (64-bit)
# SW Build 3064766 on Wed Nov 18 09:12:47 MST 2020
# IP Build 3064653 on Wed Nov 18 14:17:31 MST 2020
# Start of session at: Thu Jun 30 12:20:17 2022
# Process ID: 62266
# Current directory: /home/raesangur/github/UdeS_S4_APP4/problematique
# Command line: vivado
# Log file: /home/raesangur/github/UdeS_S4_APP4/problematique/vivado.log
# Journal file: /home/raesangur/github/UdeS_S4_APP4/problematique/vivado.jou
#-----------------------------------------------------------
start_gui
open_project /home/raesangur/github/UdeS_S4_APP4/problematique/mips32_unicycle_reference.xpr
WARNING: [filemgmt 56-3] Default IP Output Path : Could not find the directory '/home/raesangur/github/UdeS_S4_APP4/problematique/mips32_unicycle_reference.gen/sources_1'.
Scanning sources...
Finished scanning sources
INFO: [IP_Flow 19-234] Refreshing IP repositories
INFO: [IP_Flow 19-1704] No user IP repositories specified
INFO: [IP_Flow 19-2313] Loaded Vivado IP repository '/usr/share/Xilinx/Vivado/2020.2/data/ip'.
INFO: [IP_Flow 19-3899] Cannot get the environment domain name variable for the component vendor name. Setting the vendor name to 'user.org'.
launch_simulation
Command: launch_simulation 
INFO: [Vivado 12-5682] Launching behavioral simulation in '/home/raesangur/github/UdeS_S4_APP4/problematique/mips32_unicycle_reference.sim/sim_1/behav/xsim'
INFO: [SIM-utils-51] Simulation object is 'sim_1'
INFO: [SIM-utils-54] Inspecting design source files for 'mips_unicycle_tb' in fileset 'sim_1'...
INFO: [USF-XSim-97] Finding global include files...
INFO: [USF-XSim-100] Fetching design files from 'sources_1'...(this may take a while)...
INFO: [USF-XSim-101] Fetching design files from 'sim_1'...
INFO: [USF-XSim-2] XSim::Compile design
INFO: [USF-XSim-61] Executing 'COMPILE and ANALYZE' step in '/home/raesangur/github/UdeS_S4_APP4/problematique/mips32_unicycle_reference.sim/sim_1/behav/xsim'
xvhdl --incr --relax -prj mips_unicycle_tb_vhdl.prj
INFO: [VRFC 10-163] Analyzing VHDL file "/home/raesangur/github/UdeS_S4_APP4/problematique/mips32_unicycle_reference.srcs/sources_1/imports/MemDonnees.vhd" into library xil_defaultlib
INFO: [VRFC 10-3107] analyzing entity 'MemDonnees'
Waiting for jobs to finish...
No pending jobs, compilation finished.
INFO: [USF-XSim-69] 'compile' step finished in '1' seconds
INFO: [USF-XSim-3] XSim::Elaborate design
INFO: [USF-XSim-61] Executing 'ELABORATE' step in '/home/raesangur/github/UdeS_S4_APP4/problematique/mips32_unicycle_reference.sim/sim_1/behav/xsim'
xelab -wto 19cce0a531df40cda0f8ee2727a22117 --incr --debug typical --relax --mt 8 -L xil_defaultlib -L secureip --snapshot mips_unicycle_tb_behav xil_defaultlib.mips_unicycle_tb -log elaborate.log
Vivado Simulator 2020.2
Copyright 1986-1999, 2001-2020 Xilinx, Inc. All Rights Reserved.
Running: /usr/share/Xilinx/Vivado/2020.2/bin/unwrapped/lnx64.o/xelab -wto 19cce0a531df40cda0f8ee2727a22117 --incr --debug typical --relax --mt 8 -L xil_defaultlib -L secureip --snapshot mips_unicycle_tb_behav xil_defaultlib.mips_unicycle_tb -log elaborate.log 
Using 8 slave threads.
ERROR: [VRFC 10-3006] '/home/raesangur/github/UdeS_S4_APP4/problematique/mips32_unicycle_reference.sim/sim_1/behav/xsim/xsim.dir/xil_defaultlib/mips_unicycle_tb.vdb' needs to be re-saved since 'xil_defaultlib.mips32_package' changed
ERROR: [VRFC 10-3032] 'xil_defaultlib.mips_unicycle_tb' failed to restore
ERROR: [XSIM 43-3225] Cannot find design unit xil_defaultlib.mips_unicycle_tb in library work located at xsim.dir/work.
INFO: [USF-XSim-69] 'elaborate' step finished in '2' seconds
INFO: [USF-XSim-99] Step results log file:'/home/raesangur/github/UdeS_S4_APP4/problematique/mips32_unicycle_reference.sim/sim_1/behav/xsim/elaborate.log'
ERROR: [USF-XSim-62] 'elaborate' step failed with error(s). Please check the Tcl console output or '/home/raesangur/github/UdeS_S4_APP4/problematique/mips32_unicycle_reference.sim/sim_1/behav/xsim/elaborate.log' file for more information.
ERROR: [Vivado 12-4473] Detected error while running simulation. Please correct the issue and retry this operation.
ERROR: [Common 17-39] 'launch_simulation' failed due to earlier errors.
exit
INFO: [Common 17-206] Exiting Vivado at Thu Jun 30 12:22:04 2022...
