#-----------------------------------------------------------
# Vivado v2020.2 (64-bit)
# SW Build 3064766 on Wed Nov 18 09:12:47 MST 2020
# IP Build 3064653 on Wed Nov 18 14:17:31 MST 2020
# Start of session at: Mon Jun 27 16:49:11 2022
# Process ID: 52355
# Current directory: /home/raesangur/github/UdeS_S4_APP4/problematique
# Command line: vivado
# Log file: /home/raesangur/github/UdeS_S4_APP4/problematique/vivado.log
# Journal file: /home/raesangur/github/UdeS_S4_APP4/problematique/vivado.jou
#-----------------------------------------------------------
start_gui
open_project /home/raesangur/github/UdeS_S4_APP4/problematique/mips32_unicycle_reference.xpr
WARNING: [filemgmt 56-3] Default IP Output Path : Could not find the directory '/home/raesangur/github/UdeS_S4_APP4/problematique/mips32_unicycle_reference.gen/sources_1'.
Scanning sources...
Finished scanning sources
INFO: [IP_Flow 19-234] Refreshing IP repositories
INFO: [IP_Flow 19-1704] No user IP repositories specified
INFO: [IP_Flow 19-2313] Loaded Vivado IP repository '/usr/share/Xilinx/Vivado/2020.2/data/ip'.
INFO: [IP_Flow 19-3899] Cannot get the environment domain name variable for the component vendor name. Setting the vendor name to 'user.org'.
launch_simulation
Command: launch_simulation 
INFO: [Vivado 12-5682] Launching behavioral simulation in '/home/raesangur/github/UdeS_S4_APP4/problematique/mips32_unicycle_reference.sim/sim_1/behav/xsim'
INFO: [SIM-utils-51] Simulation object is 'sim_1'
INFO: [SIM-utils-54] Inspecting design source files for 'mips_unicycle_tb' in fileset 'sim_1'...
INFO: [USF-XSim-97] Finding global include files...
INFO: [USF-XSim-100] Fetching design files from 'sources_1'...(this may take a while)...
INFO: [USF-XSim-101] Fetching design files from 'sim_1'...
INFO: [USF-XSim-2] XSim::Compile design
INFO: [USF-XSim-61] Executing 'COMPILE and ANALYZE' step in '/home/raesangur/github/UdeS_S4_APP4/problematique/mips32_unicycle_reference.sim/sim_1/behav/xsim'
xvhdl --incr --relax -prj mips_unicycle_tb_vhdl.prj
Waiting for jobs to finish...
No pending jobs, compilation finished.
INFO: [USF-XSim-69] 'compile' step finished in '1' seconds
INFO: [USF-XSim-3] XSim::Elaborate design
INFO: [USF-XSim-61] Executing 'ELABORATE' step in '/home/raesangur/github/UdeS_S4_APP4/problematique/mips32_unicycle_reference.sim/sim_1/behav/xsim'
xelab -wto 19cce0a531df40cda0f8ee2727a22117 --incr --debug typical --relax --mt 8 -L xil_defaultlib -L secureip --snapshot mips_unicycle_tb_behav xil_defaultlib.mips_unicycle_tb -log elaborate.log
Vivado Simulator 2020.2
Copyright 1986-1999, 2001-2020 Xilinx, Inc. All Rights Reserved.
Running: /usr/share/Xilinx/Vivado/2020.2/bin/unwrapped/lnx64.o/xelab -wto 19cce0a531df40cda0f8ee2727a22117 --incr --debug typical --relax --mt 8 -L xil_defaultlib -L secureip --snapshot mips_unicycle_tb_behav xil_defaultlib.mips_unicycle_tb -log elaborate.log 
Using 8 slave threads.
ERROR: [VRFC 10-3006] '/home/raesangur/github/UdeS_S4_APP4/problematique/mips32_unicycle_reference.sim/sim_1/behav/xsim/xsim.dir/xil_defaultlib/mips_unicycle_tb.vdb' needs to be re-saved since 'xil_defaultlib.mips32_package' changed
ERROR: [VRFC 10-3032] 'xil_defaultlib.mips_unicycle_tb' failed to restore
ERROR: [XSIM 43-3225] Cannot find design unit xil_defaultlib.mips_unicycle_tb in library work located at xsim.dir/work.
INFO: [USF-XSim-69] 'elaborate' step finished in '2' seconds
INFO: [USF-XSim-99] Step results log file:'/home/raesangur/github/UdeS_S4_APP4/problematique/mips32_unicycle_reference.sim/sim_1/behav/xsim/elaborate.log'
ERROR: [USF-XSim-62] 'elaborate' step failed with error(s). Please check the Tcl console output or '/home/raesangur/github/UdeS_S4_APP4/problematique/mips32_unicycle_reference.sim/sim_1/behav/xsim/elaborate.log' file for more information.
ERROR: [Vivado 12-4473] Detected error while running simulation. Please correct the issue and retry this operation.
ERROR: [Common 17-39] 'launch_simulation' failed due to earlier errors.
launch_simulation
Command: launch_simulation 
INFO: [Vivado 12-5682] Launching behavioral simulation in '/home/raesangur/github/UdeS_S4_APP4/problematique/mips32_unicycle_reference.sim/sim_1/behav/xsim'
INFO: [SIM-utils-51] Simulation object is 'sim_1'
INFO: [SIM-utils-54] Inspecting design source files for 'mips_unicycle_tb' in fileset 'sim_1'...
INFO: [USF-XSim-97] Finding global include files...
INFO: [USF-XSim-100] Fetching design files from 'sources_1'...(this may take a while)...
INFO: [USF-XSim-101] Fetching design files from 'sim_1'...
INFO: [USF-XSim-2] XSim::Compile design
INFO: [USF-XSim-61] Executing 'COMPILE and ANALYZE' step in '/home/raesangur/github/UdeS_S4_APP4/problematique/mips32_unicycle_reference.sim/sim_1/behav/xsim'
xvhdl --incr --relax -prj mips_unicycle_tb_vhdl.prj
INFO: [VRFC 10-163] Analyzing VHDL file "/home/raesangur/github/UdeS_S4_APP4/problematique/mips32_unicycle_reference.srcs/sources_1/imports/MIPS32_package.vhd" into library xil_defaultlib
INFO: [VRFC 10-163] Analyzing VHDL file "/home/raesangur/github/UdeS_S4_APP4/problematique/mips32_unicycle_reference.srcs/sources_1/imports/alu.vhd" into library xil_defaultlib
INFO: [VRFC 10-3107] analyzing entity 'alu'
INFO: [VRFC 10-163] Analyzing VHDL file "/home/raesangur/github/UdeS_S4_APP4/problematique/mips32_unicycle_reference.srcs/sources_1/imports/controleur.vhd" into library xil_defaultlib
INFO: [VRFC 10-3107] analyzing entity 'controleur'
INFO: [VRFC 10-163] Analyzing VHDL file "/home/raesangur/github/UdeS_S4_APP4/problematique/mips32_unicycle_reference.srcs/sources_1/imports/MemInstructions.vhd" into library xil_defaultlib
INFO: [VRFC 10-3107] analyzing entity 'MemInstructions'
INFO: [VRFC 10-163] Analyzing VHDL file "/home/raesangur/github/UdeS_S4_APP4/problematique/mips32_unicycle_reference.srcs/sources_1/imports/MemDonnees.vhd" into library xil_defaultlib
INFO: [VRFC 10-3107] analyzing entity 'MemDonnees'
INFO: [VRFC 10-163] Analyzing VHDL file "/home/raesangur/github/UdeS_S4_APP4/problematique/mips32_unicycle_reference.srcs/sources_1/imports/registres.vhd" into library xil_defaultlib
INFO: [VRFC 10-3107] analyzing entity 'BancRegistres'
INFO: [VRFC 10-163] Analyzing VHDL file "/home/raesangur/github/UdeS_S4_APP4/problematique/mips32_unicycle_reference.srcs/sources_1/imports/mips_datapath_unicycle.vhd" into library xil_defaultlib
INFO: [VRFC 10-3107] analyzing entity 'mips_datapath_unicycle'
INFO: [VRFC 10-163] Analyzing VHDL file "/home/raesangur/github/UdeS_S4_APP4/problematique/mips32_unicycle_reference.srcs/sources_1/imports/mips_unicycle_top.vhd" into library xil_defaultlib
INFO: [VRFC 10-3107] analyzing entity 'mips_unicycle_top'
INFO: [VRFC 10-163] Analyzing VHDL file "/home/raesangur/github/UdeS_S4_APP4/problematique/mips32_unicycle_reference.srcs/sim_1/imports/verif/mips_unicycle_tb.vhd" into library xil_defaultlib
INFO: [VRFC 10-3107] analyzing entity 'mips_unicycle_tb'
INFO: [VRFC 10-163] Analyzing VHDL file "/home/raesangur/github/UdeS_S4_APP4/problematique/mips32_unicycle_reference.srcs/sim_1/imports/verif/monitor_unicycle.vhd" into library xil_defaultlib
INFO: [VRFC 10-3107] analyzing entity 'monitor_unicycle'
Waiting for jobs to finish...
No pending jobs, compilation finished.
INFO: [USF-XSim-69] 'compile' step finished in '1' seconds
INFO: [USF-XSim-3] XSim::Elaborate design
INFO: [USF-XSim-61] Executing 'ELABORATE' step in '/home/raesangur/github/UdeS_S4_APP4/problematique/mips32_unicycle_reference.sim/sim_1/behav/xsim'
xelab -wto 19cce0a531df40cda0f8ee2727a22117 --incr --debug typical --relax --mt 8 -L xil_defaultlib -L secureip --snapshot mips_unicycle_tb_behav xil_defaultlib.mips_unicycle_tb -log elaborate.log
Vivado Simulator 2020.2
Copyright 1986-1999, 2001-2020 Xilinx, Inc. All Rights Reserved.
Running: /usr/share/Xilinx/Vivado/2020.2/bin/unwrapped/lnx64.o/xelab -wto 19cce0a531df40cda0f8ee2727a22117 --incr --debug typical --relax --mt 8 -L xil_defaultlib -L secureip --snapshot mips_unicycle_tb_behav xil_defaultlib.mips_unicycle_tb -log elaborate.log 
Using 8 slave threads.
Starting static elaboration
Completed static elaboration
Starting simulation data flow analysis
Completed simulation data flow analysis
Time Resolution for simulation is 1ps
Compiling package std.standard
Compiling package std.textio
Compiling package ieee.std_logic_1164
Compiling package ieee.numeric_std
Compiling package xil_defaultlib.mips32_package
Compiling package std.env
Compiling architecture behavioral of entity xil_defaultlib.controleur [controleur_default]
Compiling architecture behavioral of entity xil_defaultlib.MemInstructions [meminstructions_default]
Compiling architecture comport of entity xil_defaultlib.BancRegistres [bancregistres_default]
Compiling architecture comport of entity xil_defaultlib.alu [alu_default]
Compiling architecture behavioral of entity xil_defaultlib.MemDonnees [memdonnees_default]
Compiling architecture behavioral of entity xil_defaultlib.mips_datapath_unicycle [mips_datapath_unicycle_default]
Compiling architecture behavioral of entity xil_defaultlib.mips_unicycle_top [mips_unicycle_top_default]
Compiling architecture behavioral of entity xil_defaultlib.monitor_unicycle [monitor_unicycle_default]
Compiling architecture behavioral of entity xil_defaultlib.mips_unicycle_tb
Built simulation snapshot mips_unicycle_tb_behav

****** Webtalk v2020.2 (64-bit)
  **** SW Build 3064766 on Wed Nov 18 09:12:47 MST 2020
  **** IP Build 3064653 on Wed Nov 18 14:17:31 MST 2020
    ** Copyright 1986-2020 Xilinx, Inc. All Rights Reserved.

source /home/raesangur/github/UdeS_S4_APP4/problematique/mips32_unicycle_reference.sim/sim_1/behav/xsim/xsim.dir/mips_unicycle_tb_behav/webtalk/xsim_webtalk.tcl -notrace
INFO: [Common 17-186] '/home/raesangur/github/UdeS_S4_APP4/problematique/mips32_unicycle_reference.sim/sim_1/behav/xsim/xsim.dir/mips_unicycle_tb_behav/webtalk/usage_statistics_ext_xsim.xml' has been successfully sent to Xilinx on Mon Jun 27 16:51:11 2022. For additional details about this file, please refer to the WebTalk help file at /usr/share/Xilinx/Vivado/2020.2/doc/webtalk_introduction.html.
INFO: [Common 17-206] Exiting Webtalk at Mon Jun 27 16:51:11 2022...
run_program: Time (s): cpu = 00:00:04 ; elapsed = 00:00:05 . Memory (MB): peak = 7330.691 ; gain = 0.000 ; free physical = 4340 ; free virtual = 24304
INFO: [USF-XSim-69] 'elaborate' step finished in '5' seconds
INFO: [USF-XSim-4] XSim::Simulate design
INFO: [USF-XSim-61] Executing 'SIMULATE' step in '/home/raesangur/github/UdeS_S4_APP4/problematique/mips32_unicycle_reference.sim/sim_1/behav/xsim'
INFO: [USF-XSim-98] *** Running xsim
   with args "mips_unicycle_tb_behav -key {Behavioral:sim_1:Functional:mips_unicycle_tb} -tclbatch {mips_unicycle_tb.tcl} -log {simulate.log}"
INFO: [USF-XSim-8] Loading simulator feature
Vivado Simulator 2020.2
Time resolution is 1 ps
source mips_unicycle_tb.tcl
# set curr_wave [current_wave_config]
# if { [string length $curr_wave] == 0 } {
#   if { [llength [get_objects]] > 0} {
#     add_wave /
#     set_property needs_save false [current_wave_config]
#   } else {
#      send_msg_id Add_Wave-1 WARNING "No top level signals found. Simulator will start without a wave window. If you want to open a wave window go to 'File->New Waveform Configuration' or type 'create_wave_config' in the TCL console."
#   }
# }
# run 1000ns
Warning: NUMERIC_STD."=": metavalue detected, returning FALSE
Time: 0 ps  Iteration: 0  Process: /mips_unicycle_tb/dut/inst_Datapath/inst_Alu/line__115  File: /home/raesangur/github/UdeS_S4_APP4/problematique/mips32_unicycle_reference.srcs/sources_1/imports/alu.vhd
Warning: NUMERIC_STD."=": metavalue detected, returning FALSE
Time: 0 ps  Iteration: 1  Process: /mips_unicycle_tb/dut/inst_Datapath/inst_Alu/line__115  File: /home/raesangur/github/UdeS_S4_APP4/problematique/mips32_unicycle_reference.srcs/sources_1/imports/alu.vhd
INFO: [USF-XSim-96] XSim completed. Design snapshot 'mips_unicycle_tb_behav' loaded.
INFO: [USF-XSim-97] XSim simulation ran for 1000ns
launch_simulation: Time (s): cpu = 00:00:12 ; elapsed = 00:00:09 . Memory (MB): peak = 7455.523 ; gain = 124.832 ; free physical = 4267 ; free virtual = 24232
close_sim
INFO: [Simtcl 6-16] Simulation closed
close_sim: Time (s): cpu = 00:00:05 ; elapsed = 00:00:05 . Memory (MB): peak = 7455.523 ; gain = 0.000 ; free physical = 4449 ; free virtual = 24268
launch_simulation
Command: launch_simulation 
INFO: [Vivado 12-5682] Launching behavioral simulation in '/home/raesangur/github/UdeS_S4_APP4/problematique/mips32_unicycle_reference.sim/sim_1/behav/xsim'
INFO: [SIM-utils-51] Simulation object is 'sim_1'
INFO: [SIM-utils-54] Inspecting design source files for 'mips_unicycle_tb' in fileset 'sim_1'...
INFO: [USF-XSim-97] Finding global include files...
INFO: [USF-XSim-100] Fetching design files from 'sources_1'...(this may take a while)...
INFO: [USF-XSim-101] Fetching design files from 'sim_1'...
INFO: [USF-XSim-2] XSim::Compile design
INFO: [USF-XSim-61] Executing 'COMPILE and ANALYZE' step in '/home/raesangur/github/UdeS_S4_APP4/problematique/mips32_unicycle_reference.sim/sim_1/behav/xsim'
xvhdl --incr --relax -prj mips_unicycle_tb_vhdl.prj
INFO: [VRFC 10-163] Analyzing VHDL file "/home/raesangur/github/UdeS_S4_APP4/problematique/mips32_unicycle_reference.srcs/sources_1/imports/MemInstructions.vhd" into library xil_defaultlib
INFO: [VRFC 10-3107] analyzing entity 'MemInstructions'
Waiting for jobs to finish...
No pending jobs, compilation finished.
INFO: [USF-XSim-69] 'compile' step finished in '1' seconds
INFO: [USF-XSim-3] XSim::Elaborate design
INFO: [USF-XSim-61] Executing 'ELABORATE' step in '/home/raesangur/github/UdeS_S4_APP4/problematique/mips32_unicycle_reference.sim/sim_1/behav/xsim'
xelab -wto 19cce0a531df40cda0f8ee2727a22117 --incr --debug typical --relax --mt 8 -L xil_defaultlib -L secureip --snapshot mips_unicycle_tb_behav xil_defaultlib.mips_unicycle_tb -log elaborate.log
Vivado Simulator 2020.2
Copyright 1986-1999, 2001-2020 Xilinx, Inc. All Rights Reserved.
Running: /usr/share/Xilinx/Vivado/2020.2/bin/unwrapped/lnx64.o/xelab -wto 19cce0a531df40cda0f8ee2727a22117 --incr --debug typical --relax --mt 8 -L xil_defaultlib -L secureip --snapshot mips_unicycle_tb_behav xil_defaultlib.mips_unicycle_tb -log elaborate.log 
Using 8 slave threads.
Starting static elaboration
Completed static elaboration
Starting simulation data flow analysis
Completed simulation data flow analysis
Time Resolution for simulation is 1ps
Compiling package std.standard
Compiling package std.textio
Compiling package ieee.std_logic_1164
Compiling package ieee.numeric_std
Compiling package xil_defaultlib.mips32_package
Compiling package std.env
Compiling architecture behavioral of entity xil_defaultlib.controleur [controleur_default]
Compiling architecture behavioral of entity xil_defaultlib.MemInstructions [meminstructions_default]
Compiling architecture comport of entity xil_defaultlib.BancRegistres [bancregistres_default]
Compiling architecture comport of entity xil_defaultlib.alu [alu_default]
Compiling architecture behavioral of entity xil_defaultlib.MemDonnees [memdonnees_default]
Compiling architecture behavioral of entity xil_defaultlib.mips_datapath_unicycle [mips_datapath_unicycle_default]
Compiling architecture behavioral of entity xil_defaultlib.mips_unicycle_top [mips_unicycle_top_default]
Compiling architecture behavioral of entity xil_defaultlib.monitor_unicycle [monitor_unicycle_default]
Compiling architecture behavioral of entity xil_defaultlib.mips_unicycle_tb
Built simulation snapshot mips_unicycle_tb_behav
INFO: [USF-XSim-69] 'elaborate' step finished in '2' seconds
INFO: [USF-XSim-4] XSim::Simulate design
INFO: [USF-XSim-61] Executing 'SIMULATE' step in '/home/raesangur/github/UdeS_S4_APP4/problematique/mips32_unicycle_reference.sim/sim_1/behav/xsim'
INFO: [USF-XSim-98] *** Running xsim
   with args "mips_unicycle_tb_behav -key {Behavioral:sim_1:Functional:mips_unicycle_tb} -tclbatch {mips_unicycle_tb.tcl} -log {simulate.log}"
INFO: [USF-XSim-8] Loading simulator feature
Vivado Simulator 2020.2
Time resolution is 1 ps
source mips_unicycle_tb.tcl
# set curr_wave [current_wave_config]
# if { [string length $curr_wave] == 0 } {
#   if { [llength [get_objects]] > 0} {
#     add_wave /
#     set_property needs_save false [current_wave_config]
#   } else {
#      send_msg_id Add_Wave-1 WARNING "No top level signals found. Simulator will start without a wave window. If you want to open a wave window go to 'File->New Waveform Configuration' or type 'create_wave_config' in the TCL console."
#   }
# }
# run 1000ns
Warning: NUMERIC_STD."=": metavalue detected, returning FALSE
Time: 0 ps  Iteration: 0  Process: /mips_unicycle_tb/dut/inst_Datapath/inst_Alu/line__115  File: /home/raesangur/github/UdeS_S4_APP4/problematique/mips32_unicycle_reference.srcs/sources_1/imports/alu.vhd
Warning: NUMERIC_STD."=": metavalue detected, returning FALSE
Time: 0 ps  Iteration: 1  Process: /mips_unicycle_tb/dut/inst_Datapath/inst_Alu/line__115  File: /home/raesangur/github/UdeS_S4_APP4/problematique/mips32_unicycle_reference.srcs/sources_1/imports/alu.vhd
INFO: [USF-XSim-96] XSim completed. Design snapshot 'mips_unicycle_tb_behav' loaded.
INFO: [USF-XSim-97] XSim simulation ran for 1000ns
run 100 us
save_wave_config {/home/raesangur/github/UdeS_S4_APP4/problematique/mips_unicycle_tb_behav.wcfg}
add_files -fileset sim_1 -norecurse /home/raesangur/github/UdeS_S4_APP4/problematique/mips_unicycle_tb_behav.wcfg
set_property xsim.view /home/raesangur/github/UdeS_S4_APP4/problematique/mips_unicycle_tb_behav.wcfg [get_filesets sim_1]
restart
INFO: [Simtcl 6-17] Simulation restarted
run 100 us
Warning: NUMERIC_STD."=": metavalue detected, returning FALSE
Time: 0 ps  Iteration: 0  Process: /mips_unicycle_tb/dut/inst_Datapath/inst_Alu/line__115  File: /home/raesangur/github/UdeS_S4_APP4/problematique/mips32_unicycle_reference.srcs/sources_1/imports/alu.vhd
Warning: NUMERIC_STD."=": metavalue detected, returning FALSE
Time: 0 ps  Iteration: 1  Process: /mips_unicycle_tb/dut/inst_Datapath/inst_Alu/line__115  File: /home/raesangur/github/UdeS_S4_APP4/problematique/mips32_unicycle_reference.srcs/sources_1/imports/alu.vhd
restart
INFO: [Simtcl 6-17] Simulation restarted
run 1 us
Warning: NUMERIC_STD."=": metavalue detected, returning FALSE
Time: 0 ps  Iteration: 0  Process: /mips_unicycle_tb/dut/inst_Datapath/inst_Alu/line__115  File: /home/raesangur/github/UdeS_S4_APP4/problematique/mips32_unicycle_reference.srcs/sources_1/imports/alu.vhd
Warning: NUMERIC_STD."=": metavalue detected, returning FALSE
Time: 0 ps  Iteration: 1  Process: /mips_unicycle_tb/dut/inst_Datapath/inst_Alu/line__115  File: /home/raesangur/github/UdeS_S4_APP4/problematique/mips32_unicycle_reference.srcs/sources_1/imports/alu.vhd
save_wave_config {/home/raesangur/github/UdeS_S4_APP4/problematique/mips_unicycle_tb_behav.wcfg}
close_sim
INFO: [Simtcl 6-16] Simulation closed
launch_simulation
Command: launch_simulation 
INFO: [Vivado 12-5682] Launching behavioral simulation in '/home/raesangur/github/UdeS_S4_APP4/problematique/mips32_unicycle_reference.sim/sim_1/behav/xsim'
INFO: [SIM-utils-51] Simulation object is 'sim_1'
INFO: [SIM-utils-54] Inspecting design source files for 'mips_unicycle_tb' in fileset 'sim_1'...
INFO: [USF-XSim-97] Finding global include files...
INFO: [USF-XSim-100] Fetching design files from 'sources_1'...(this may take a while)...
INFO: [USF-XSim-101] Fetching design files from 'sim_1'...
INFO: [USF-XSim-2] XSim::Compile design
INFO: [USF-XSim-61] Executing 'COMPILE and ANALYZE' step in '/home/raesangur/github/UdeS_S4_APP4/problematique/mips32_unicycle_reference.sim/sim_1/behav/xsim'
xvhdl --incr --relax -prj mips_unicycle_tb_vhdl.prj
INFO: [VRFC 10-163] Analyzing VHDL file "/home/raesangur/github/UdeS_S4_APP4/problematique/mips32_unicycle_reference.srcs/sources_1/imports/MemInstructions.vhd" into library xil_defaultlib
INFO: [VRFC 10-3107] analyzing entity 'MemInstructions'
Waiting for jobs to finish...
No pending jobs, compilation finished.
INFO: [USF-XSim-69] 'compile' step finished in '1' seconds
INFO: [USF-XSim-3] XSim::Elaborate design
INFO: [USF-XSim-61] Executing 'ELABORATE' step in '/home/raesangur/github/UdeS_S4_APP4/problematique/mips32_unicycle_reference.sim/sim_1/behav/xsim'
xelab -wto 19cce0a531df40cda0f8ee2727a22117 --incr --debug typical --relax --mt 8 -L xil_defaultlib -L secureip --snapshot mips_unicycle_tb_behav xil_defaultlib.mips_unicycle_tb -log elaborate.log
Vivado Simulator 2020.2
Copyright 1986-1999, 2001-2020 Xilinx, Inc. All Rights Reserved.
Running: /usr/share/Xilinx/Vivado/2020.2/bin/unwrapped/lnx64.o/xelab -wto 19cce0a531df40cda0f8ee2727a22117 --incr --debug typical --relax --mt 8 -L xil_defaultlib -L secureip --snapshot mips_unicycle_tb_behav xil_defaultlib.mips_unicycle_tb -log elaborate.log 
Using 8 slave threads.
Starting static elaboration
Completed static elaboration
Starting simulation data flow analysis
Completed simulation data flow analysis
Time Resolution for simulation is 1ps
Compiling package std.standard
Compiling package std.textio
Compiling package ieee.std_logic_1164
Compiling package ieee.numeric_std
Compiling package xil_defaultlib.mips32_package
Compiling package std.env
Compiling architecture behavioral of entity xil_defaultlib.controleur [controleur_default]
Compiling architecture behavioral of entity xil_defaultlib.MemInstructions [meminstructions_default]
Compiling architecture comport of entity xil_defaultlib.BancRegistres [bancregistres_default]
Compiling architecture comport of entity xil_defaultlib.alu [alu_default]
Compiling architecture behavioral of entity xil_defaultlib.MemDonnees [memdonnees_default]
Compiling architecture behavioral of entity xil_defaultlib.mips_datapath_unicycle [mips_datapath_unicycle_default]
Compiling architecture behavioral of entity xil_defaultlib.mips_unicycle_top [mips_unicycle_top_default]
Compiling architecture behavioral of entity xil_defaultlib.monitor_unicycle [monitor_unicycle_default]
Compiling architecture behavioral of entity xil_defaultlib.mips_unicycle_tb
Built simulation snapshot mips_unicycle_tb_behav
INFO: [USF-XSim-69] 'elaborate' step finished in '2' seconds
INFO: [USF-XSim-4] XSim::Simulate design
INFO: [USF-XSim-61] Executing 'SIMULATE' step in '/home/raesangur/github/UdeS_S4_APP4/problematique/mips32_unicycle_reference.sim/sim_1/behav/xsim'
INFO: [USF-XSim-98] *** Running xsim
   with args "mips_unicycle_tb_behav -key {Behavioral:sim_1:Functional:mips_unicycle_tb} -tclbatch {mips_unicycle_tb.tcl} -view {/home/raesangur/github/UdeS_S4_APP4/problematique/mips_unicycle_tb_behav.wcfg} -log {simulate.log}"
INFO: [USF-XSim-8] Loading simulator feature
Vivado Simulator 2020.2
Time resolution is 1 ps
open_wave_config /home/raesangur/github/UdeS_S4_APP4/problematique/mips_unicycle_tb_behav.wcfg
source mips_unicycle_tb.tcl
# set curr_wave [current_wave_config]
# if { [string length $curr_wave] == 0 } {
#   if { [llength [get_objects]] > 0} {
#     add_wave /
#     set_property needs_save false [current_wave_config]
#   } else {
#      send_msg_id Add_Wave-1 WARNING "No top level signals found. Simulator will start without a wave window. If you want to open a wave window go to 'File->New Waveform Configuration' or type 'create_wave_config' in the TCL console."
#   }
# }
# run 1000ns
Warning: NUMERIC_STD."=": metavalue detected, returning FALSE
Time: 0 ps  Iteration: 0  Process: /mips_unicycle_tb/dut/inst_Datapath/inst_Alu/line__115  File: /home/raesangur/github/UdeS_S4_APP4/problematique/mips32_unicycle_reference.srcs/sources_1/imports/alu.vhd
Warning: NUMERIC_STD."=": metavalue detected, returning FALSE
Time: 0 ps  Iteration: 1  Process: /mips_unicycle_tb/dut/inst_Datapath/inst_Alu/line__115  File: /home/raesangur/github/UdeS_S4_APP4/problematique/mips32_unicycle_reference.srcs/sources_1/imports/alu.vhd
INFO: [USF-XSim-96] XSim completed. Design snapshot 'mips_unicycle_tb_behav' loaded.
INFO: [USF-XSim-97] XSim simulation ran for 1000ns
restart
INFO: [Simtcl 6-17] Simulation restarted
run 1 us
Warning: NUMERIC_STD."=": metavalue detected, returning FALSE
Time: 0 ps  Iteration: 0  Process: /mips_unicycle_tb/dut/inst_Datapath/inst_Alu/line__115  File: /home/raesangur/github/UdeS_S4_APP4/problematique/mips32_unicycle_reference.srcs/sources_1/imports/alu.vhd
Warning: NUMERIC_STD."=": metavalue detected, returning FALSE
Time: 0 ps  Iteration: 1  Process: /mips_unicycle_tb/dut/inst_Datapath/inst_Alu/line__115  File: /home/raesangur/github/UdeS_S4_APP4/problematique/mips32_unicycle_reference.srcs/sources_1/imports/alu.vhd
restart
INFO: [Simtcl 6-17] Simulation restarted
run 1 us
Warning: NUMERIC_STD."=": metavalue detected, returning FALSE
Time: 0 ps  Iteration: 0  Process: /mips_unicycle_tb/dut/inst_Datapath/inst_Alu/line__115  File: /home/raesangur/github/UdeS_S4_APP4/problematique/mips32_unicycle_reference.srcs/sources_1/imports/alu.vhd
Warning: NUMERIC_STD."=": metavalue detected, returning FALSE
Time: 0 ps  Iteration: 1  Process: /mips_unicycle_tb/dut/inst_Datapath/inst_Alu/line__115  File: /home/raesangur/github/UdeS_S4_APP4/problematique/mips32_unicycle_reference.srcs/sources_1/imports/alu.vhd
restart
INFO: [Simtcl 6-17] Simulation restarted
run 1 us
Warning: NUMERIC_STD."=": metavalue detected, returning FALSE
Time: 0 ps  Iteration: 0  Process: /mips_unicycle_tb/dut/inst_Datapath/inst_Alu/line__115  File: /home/raesangur/github/UdeS_S4_APP4/problematique/mips32_unicycle_reference.srcs/sources_1/imports/alu.vhd
Warning: NUMERIC_STD."=": metavalue detected, returning FALSE
Time: 0 ps  Iteration: 1  Process: /mips_unicycle_tb/dut/inst_Datapath/inst_Alu/line__115  File: /home/raesangur/github/UdeS_S4_APP4/problematique/mips32_unicycle_reference.srcs/sources_1/imports/alu.vhd
save_wave_config {/home/raesangur/github/UdeS_S4_APP4/problematique/mips_unicycle_tb_behav.wcfg}
close_sim
INFO: [Simtcl 6-16] Simulation closed
exit
INFO: [Common 17-206] Exiting Vivado at Mon Jun 27 17:34:36 2022...
