#-----------------------------------------------------------
# Vivado v2020.2 (64-bit)
# SW Build 3064766 on Wed Nov 18 09:12:47 MST 2020
# IP Build 3064653 on Wed Nov 18 14:17:31 MST 2020
# Start of session at: Wed Jun 29 16:30:38 2022
# Process ID: 25575
# Current directory: /home/raesangur/github/UdeS_S4_APP4/devoir
# Command line: vivado
# Log file: /home/raesangur/github/UdeS_S4_APP4/devoir/vivado.log
# Journal file: /home/raesangur/github/UdeS_S4_APP4/devoir/vivado.jou
#-----------------------------------------------------------
start_gui
open_project /home/raesangur/github/UdeS_S4_APP4/problematique/mips32_unicycle_reference.xpr
WARNING: [filemgmt 56-3] Default IP Output Path : Could not find the directory '/home/raesangur/github/UdeS_S4_APP4/problematique/mips32_unicycle_reference.gen/sources_1'.
Scanning sources...
Finished scanning sources
INFO: [IP_Flow 19-234] Refreshing IP repositories
INFO: [IP_Flow 19-1704] No user IP repositories specified
INFO: [IP_Flow 19-2313] Loaded Vivado IP repository '/usr/share/Xilinx/Vivado/2020.2/data/ip'.
INFO: [IP_Flow 19-3899] Cannot get the environment domain name variable for the component vendor name. Setting the vendor name to 'user.org'.
launch_simulation
Command: launch_simulation 
INFO: [Vivado 12-5682] Launching behavioral simulation in '/home/raesangur/github/UdeS_S4_APP4/problematique/mips32_unicycle_reference.sim/sim_1/behav/xsim'
INFO: [SIM-utils-51] Simulation object is 'sim_1'
INFO: [SIM-utils-54] Inspecting design source files for 'mips_unicycle_tb' in fileset 'sim_1'...
INFO: [USF-XSim-97] Finding global include files...
INFO: [USF-XSim-100] Fetching design files from 'sources_1'...(this may take a while)...
INFO: [USF-XSim-101] Fetching design files from 'sim_1'...
INFO: [USF-XSim-2] XSim::Compile design
INFO: [USF-XSim-61] Executing 'COMPILE and ANALYZE' step in '/home/raesangur/github/UdeS_S4_APP4/problematique/mips32_unicycle_reference.sim/sim_1/behav/xsim'
xvhdl --incr --relax -prj mips_unicycle_tb_vhdl.prj
Waiting for jobs to finish...
No pending jobs, compilation finished.
INFO: [USF-XSim-69] 'compile' step finished in '1' seconds
INFO: [USF-XSim-3] XSim::Elaborate design
INFO: [USF-XSim-61] Executing 'ELABORATE' step in '/home/raesangur/github/UdeS_S4_APP4/problematique/mips32_unicycle_reference.sim/sim_1/behav/xsim'
xelab -wto 19cce0a531df40cda0f8ee2727a22117 --incr --debug typical --relax --mt 8 -L xil_defaultlib -L secureip --snapshot mips_unicycle_tb_behav xil_defaultlib.mips_unicycle_tb -log elaborate.log
Vivado Simulator 2020.2
Copyright 1986-1999, 2001-2020 Xilinx, Inc. All Rights Reserved.
Running: /usr/share/Xilinx/Vivado/2020.2/bin/unwrapped/lnx64.o/xelab -wto 19cce0a531df40cda0f8ee2727a22117 --incr --debug typical --relax --mt 8 -L xil_defaultlib -L secureip --snapshot mips_unicycle_tb_behav xil_defaultlib.mips_unicycle_tb -log elaborate.log 
Using 8 slave threads.
Starting static elaboration
Completed static elaboration
INFO: [XSIM 43-4323] No Change in HDL. Linking previously generated obj files to create kernel
INFO: [USF-XSim-69] 'elaborate' step finished in '2' seconds
INFO: [USF-XSim-4] XSim::Simulate design
INFO: [USF-XSim-61] Executing 'SIMULATE' step in '/home/raesangur/github/UdeS_S4_APP4/problematique/mips32_unicycle_reference.sim/sim_1/behav/xsim'
INFO: [USF-XSim-98] *** Running xsim
   with args "mips_unicycle_tb_behav -key {Behavioral:sim_1:Functional:mips_unicycle_tb} -tclbatch {mips_unicycle_tb.tcl} -view {/home/raesangur/github/UdeS_S4_APP4/problematique/mips_unicycle_tb_behav.wcfg} -log {simulate.log}"
INFO: [USF-XSim-8] Loading simulator feature
Vivado Simulator 2020.2
Time resolution is 1 ps
open_wave_config /home/raesangur/github/UdeS_S4_APP4/problematique/mips_unicycle_tb_behav.wcfg
source mips_unicycle_tb.tcl
# set curr_wave [current_wave_config]
# if { [string length $curr_wave] == 0 } {
#   if { [llength [get_objects]] > 0} {
#     add_wave /
#     set_property needs_save false [current_wave_config]
#   } else {
#      send_msg_id Add_Wave-1 WARNING "No top level signals found. Simulator will start without a wave window. If you want to open a wave window go to 'File->New Waveform Configuration' or type 'create_wave_config' in the TCL console."
#   }
# }
# run 10000ns
Warning: NUMERIC_STD."=": metavalue detected, returning FALSE
Time: 0 ps  Iteration: 0  Process: /mips_unicycle_tb/dut/inst_Datapath/inst_Alu4/line__115  File: /home/raesangur/github/UdeS_S4_APP4/problematique/mips32_unicycle_reference.srcs/sources_1/imports/alu.vhd
Warning: NUMERIC_STD."=": metavalue detected, returning FALSE
Time: 0 ps  Iteration: 0  Process: /mips_unicycle_tb/dut/inst_Datapath/inst_Alu3/line__115  File: /home/raesangur/github/UdeS_S4_APP4/problematique/mips32_unicycle_reference.srcs/sources_1/imports/alu.vhd
Warning: NUMERIC_STD."=": metavalue detected, returning FALSE
Time: 0 ps  Iteration: 0  Process: /mips_unicycle_tb/dut/inst_Datapath/inst_Alu2/line__115  File: /home/raesangur/github/UdeS_S4_APP4/problematique/mips32_unicycle_reference.srcs/sources_1/imports/alu.vhd
Warning: NUMERIC_STD."=": metavalue detected, returning FALSE
Time: 0 ps  Iteration: 0  Process: /mips_unicycle_tb/dut/inst_Datapath/inst_Alu/line__115  File: /home/raesangur/github/UdeS_S4_APP4/problematique/mips32_unicycle_reference.srcs/sources_1/imports/alu.vhd
Warning: NUMERIC_STD."=": metavalue detected, returning FALSE
Time: 0 ps  Iteration: 1  Process: /mips_unicycle_tb/dut/inst_Datapath/inst_Alu4/line__115  File: /home/raesangur/github/UdeS_S4_APP4/problematique/mips32_unicycle_reference.srcs/sources_1/imports/alu.vhd
Warning: NUMERIC_STD."=": metavalue detected, returning FALSE
Time: 0 ps  Iteration: 1  Process: /mips_unicycle_tb/dut/inst_Datapath/inst_Alu3/line__115  File: /home/raesangur/github/UdeS_S4_APP4/problematique/mips32_unicycle_reference.srcs/sources_1/imports/alu.vhd
Warning: NUMERIC_STD."=": metavalue detected, returning FALSE
Time: 0 ps  Iteration: 1  Process: /mips_unicycle_tb/dut/inst_Datapath/inst_Alu2/line__115  File: /home/raesangur/github/UdeS_S4_APP4/problematique/mips32_unicycle_reference.srcs/sources_1/imports/alu.vhd
Warning: NUMERIC_STD."=": metavalue detected, returning FALSE
Time: 0 ps  Iteration: 1  Process: /mips_unicycle_tb/dut/inst_Datapath/inst_Alu/line__115  File: /home/raesangur/github/UdeS_S4_APP4/problematique/mips32_unicycle_reference.srcs/sources_1/imports/alu.vhd
INFO: [USF-XSim-96] XSim completed. Design snapshot 'mips_unicycle_tb_behav' loaded.
INFO: [USF-XSim-97] XSim simulation ran for 10000ns
launch_simulation: Time (s): cpu = 00:00:13 ; elapsed = 00:00:06 . Memory (MB): peak = 7456.523 ; gain = 116.828 ; free physical = 12114 ; free virtual = 25420
close_sim
INFO: [Simtcl 6-16] Simulation closed
launch_simulation
Command: launch_simulation 
INFO: [Vivado 12-5682] Launching behavioral simulation in '/home/raesangur/github/UdeS_S4_APP4/problematique/mips32_unicycle_reference.sim/sim_1/behav/xsim'
INFO: [SIM-utils-51] Simulation object is 'sim_1'
INFO: [SIM-utils-54] Inspecting design source files for 'mips_unicycle_tb' in fileset 'sim_1'...
INFO: [USF-XSim-97] Finding global include files...
INFO: [USF-XSim-100] Fetching design files from 'sources_1'...(this may take a while)...
INFO: [USF-XSim-101] Fetching design files from 'sim_1'...
INFO: [USF-XSim-2] XSim::Compile design
INFO: [USF-XSim-61] Executing 'COMPILE and ANALYZE' step in '/home/raesangur/github/UdeS_S4_APP4/problematique/mips32_unicycle_reference.sim/sim_1/behav/xsim'
xvhdl --incr --relax -prj mips_unicycle_tb_vhdl.prj
INFO: [VRFC 10-163] Analyzing VHDL file "/home/raesangur/github/UdeS_S4_APP4/problematique/mips32_unicycle_reference.srcs/sources_1/imports/MIPS32_package.vhd" into library xil_defaultlib
INFO: [VRFC 10-163] Analyzing VHDL file "/home/raesangur/github/UdeS_S4_APP4/problematique/mips32_unicycle_reference.srcs/sources_1/imports/alu.vhd" into library xil_defaultlib
INFO: [VRFC 10-3107] analyzing entity 'alu'
INFO: [VRFC 10-163] Analyzing VHDL file "/home/raesangur/github/UdeS_S4_APP4/problematique/mips32_unicycle_reference.srcs/sources_1/imports/controleur.vhd" into library xil_defaultlib
INFO: [VRFC 10-3107] analyzing entity 'controleur'
INFO: [VRFC 10-163] Analyzing VHDL file "/home/raesangur/github/UdeS_S4_APP4/problematique/mips32_unicycle_reference.srcs/sources_1/imports/MemDonnees.vhd" into library xil_defaultlib
INFO: [VRFC 10-3107] analyzing entity 'MemDonnees'
INFO: [VRFC 10-163] Analyzing VHDL file "/home/raesangur/github/UdeS_S4_APP4/problematique/mips32_unicycle_reference.srcs/sources_1/imports/mips_datapath_unicycle.vhd" into library xil_defaultlib
INFO: [VRFC 10-3107] analyzing entity 'mips_datapath_unicycle'
INFO: [VRFC 10-163] Analyzing VHDL file "/home/raesangur/github/UdeS_S4_APP4/problematique/mips32_unicycle_reference.srcs/sources_1/imports/mips_unicycle_top.vhd" into library xil_defaultlib
INFO: [VRFC 10-3107] analyzing entity 'mips_unicycle_top'
Waiting for jobs to finish...
No pending jobs, compilation finished.
INFO: [USF-XSim-69] 'compile' step finished in '1' seconds
INFO: [USF-XSim-3] XSim::Elaborate design
INFO: [USF-XSim-61] Executing 'ELABORATE' step in '/home/raesangur/github/UdeS_S4_APP4/problematique/mips32_unicycle_reference.sim/sim_1/behav/xsim'
xelab -wto 19cce0a531df40cda0f8ee2727a22117 --incr --debug typical --relax --mt 8 -L xil_defaultlib -L secureip --snapshot mips_unicycle_tb_behav xil_defaultlib.mips_unicycle_tb -log elaborate.log
Vivado Simulator 2020.2
Copyright 1986-1999, 2001-2020 Xilinx, Inc. All Rights Reserved.
Running: /usr/share/Xilinx/Vivado/2020.2/bin/unwrapped/lnx64.o/xelab -wto 19cce0a531df40cda0f8ee2727a22117 --incr --debug typical --relax --mt 8 -L xil_defaultlib -L secureip --snapshot mips_unicycle_tb_behav xil_defaultlib.mips_unicycle_tb -log elaborate.log 
Using 8 slave threads.
ERROR: [VRFC 10-3006] '/home/raesangur/github/UdeS_S4_APP4/problematique/mips32_unicycle_reference.sim/sim_1/behav/xsim/xsim.dir/xil_defaultlib/mips_unicycle_tb.vdb' needs to be re-saved since 'xil_defaultlib.mips32_package' changed
ERROR: [VRFC 10-3032] 'xil_defaultlib.mips_unicycle_tb' failed to restore
ERROR: [XSIM 43-3225] Cannot find design unit xil_defaultlib.mips_unicycle_tb in library work located at xsim.dir/work.
INFO: [USF-XSim-69] 'elaborate' step finished in '1' seconds
INFO: [USF-XSim-99] Step results log file:'/home/raesangur/github/UdeS_S4_APP4/problematique/mips32_unicycle_reference.sim/sim_1/behav/xsim/elaborate.log'
ERROR: [USF-XSim-62] 'elaborate' step failed with error(s). Please check the Tcl console output or '/home/raesangur/github/UdeS_S4_APP4/problematique/mips32_unicycle_reference.sim/sim_1/behav/xsim/elaborate.log' file for more information.
ERROR: [Vivado 12-4473] Detected error while running simulation. Please correct the issue and retry this operation.
ERROR: [Common 17-39] 'launch_simulation' failed due to earlier errors.
exit
INFO: [Common 17-206] Exiting Vivado at Wed Jun 29 17:34:42 2022...
